<?xml version="1.0" encoding="UTF-8" ?>
<testsuite tests="4" failures="3" name="TestRunner.TestRun" time="77.875" errors="0" skipped="0">
  <properties>
    <property name="JOB_NAME" value="nopCommerce_Cucumber"/>
    <property name="java.vendor" value="Oracle Corporation"/>
    <property name="JAVA_MAIN_CLASS_88305" value="Main"/>
    <property name="RUN_TESTS_DISPLAY_URL" value="http://localhost:8080/job/nopCommerce_Cucumber/1/display/redirect?page=tests"/>
    <property name="sun.java.launcher" value="SUN_STANDARD"/>
    <property name="sun.management.compiler" value="HotSpot 64-Bit Tiered Compilers"/>
    <property name="JENKINS_HOME" value="/Users/rishabhbisht/.jenkins"/>
    <property name="PATH" value="/Library/Java/JavaVirtualMachines/jdk-17.0.1.jdk/Contents/Home/bin:/usr/bin:/bin:/usr/sbin:/sbin"/>
    <property name="HUDSON_SERVER_COOKIE" value="1b96e9efb05050e3"/>
    <property name="os.name" value="Mac OS X"/>
    <property name="EXECUTOR_NUMBER" value="1"/>
    <property name="java.vm.specification.vendor" value="Oracle Corporation"/>
    <property name="NODE_LABELS" value="built-in"/>
    <property name="java.runtime.version" value="17.0.1+12-LTS-39"/>
    <property name="user.name" value="rishabhbisht"/>
    <property name="guice.disable.misplaced.annotation.check" value="true"/>
    <property name="user.language" value="en"/>
    <property name="JOB_BASE_NAME" value="nopCommerce_Cucumber"/>
    <property name="RUN_CHANGES_DISPLAY_URL" value="http://localhost:8080/job/nopCommerce_Cucumber/1/display/redirect?page=changes"/>
    <property name="BUILD_DISPLAY_NAME" value="#1"/>
    <property name="TMPDIR" value="/var/folders/yh/4wb18p_94r3_ny7lzw2mr58w0000gn/T/"/>
    <property name="sun.boot.library.path" value="/Library/Java/JavaVirtualMachines/jdk-17.0.1.jdk/Contents/Home/lib"/>
    <property name="java.vm.compressedOopsMode" value="Zero based"/>
    <property name="java.version" value="17.0.1"/>
    <property name="XPC_FLAGS" value="0x0"/>
    <property name="user.timezone" value="Asia/Kolkata"/>
    <property name="sun.arch.data.model" value="64"/>
    <property name="NODE_NAME" value="built-in"/>
    <property name="http.nonProxyHosts" value="local|*.local|169.254/16|*.169.254/16"/>
    <property name="BUILD_ID" value="1"/>
    <property name="sun.jnu.encoding" value="UTF-8"/>
    <property name="SHELL" value="/bin/zsh"/>
    <property name="file.separator" value="/"/>
    <property name="java.specification.name" value="Java Platform API Specification"/>
    <property name="maven.conf" value="/Users/rishabhbisht/Desktop/Automation/apache-maven-3.8.6/conf"/>
    <property name="java.class.version" value="61.0"/>
    <property name="org.slf4j.simpleLogger.defaultLogLevel" value="info"/>
    <property name="user.country" value="IN"/>
    <property name="java.home" value="/Library/Java/JavaVirtualMachines/jdk-17.0.1.jdk/Contents/Home"/>
    <property name="java.vm.info" value="mixed mode, sharing"/>
    <property name="os.version" value="12.4"/>
    <property name="RUN_DISPLAY_URL" value="http://localhost:8080/job/nopCommerce_Cucumber/1/display/redirect"/>
    <property name="sun.font.fontmanager" value="sun.font.CFontManager"/>
    <property name="path.separator" value=":"/>
    <property name="RUN_ARTIFACTS_DISPLAY_URL" value="http://localhost:8080/job/nopCommerce_Cucumber/1/display/redirect?page=artifacts"/>
    <property name="java.vm.version" value="17.0.1+12-LTS-39"/>
    <property name="JOB_DISPLAY_URL" value="http://localhost:8080/job/nopCommerce_Cucumber/display/redirect"/>
    <property name="JAVA_HOME" value="/Library/Java/JavaVirtualMachines/jdk-17.0.1.jdk/Contents/Home"/>
    <property name="sun.io.unicode.encoding" value="UnicodeBig"/>
    <property name="LOGNAME" value="rishabhbisht"/>
    <property name="socksNonProxyHosts" value="local|*.local|169.254/16|*.169.254/16"/>
    <property name="HOME" value="/Users/rishabhbisht"/>
    <property name="ftp.nonProxyHosts" value="local|*.local|169.254/16|*.169.254/16"/>
    <property name="user.home" value="/Users/rishabhbisht"/>
    <property name="BUILD_TAG" value="jenkins-nopCommerce_Cucumber-1"/>
    <property name="JENKINS_SERVER_COOKIE" value="1b96e9efb05050e3"/>
    <property name="XPC_SERVICE_NAME" value="homebrew.mxcl.jenkins-lts"/>
    <property name="HUDSON_URL" value="http://localhost:8080/"/>
    <property name="java.version.date" value="2021-10-19"/>
    <property name="java.specification.vendor" value="Oracle Corporation"/>
    <property name="CLASSPATH" value=""/>
    <property name="java.library.path" value="/Users/rishabhbisht/Library/Java/Extensions:/Library/Java/Extensions:/Network/Library/Java/Extensions:/System/Library/Java/Extensions:/usr/lib/java:."/>
    <property name="java.vendor.url" value="https://java.oracle.com/"/>
    <property name="java.vm.vendor" value="Oracle Corporation"/>
    <property name="java.runtime.name" value="Java(TM) SE Runtime Environment"/>
    <property name="maven.home" value="/Users/rishabhbisht/Desktop/Automation/apache-maven-3.8.6"/>
    <property name="sun.java.command" value="jenkins.maven3.agent.Maven35Main /Users/rishabhbisht/Desktop/Automation/apache-maven-3.8.6/ /Users/rishabhbisht/.jenkins/war/WEB-INF/lib/remoting-4.13.3.jar /Users/rishabhbisht/.jenkins/plugins/maven-plugin/WEB-INF/lib/maven35-interceptor-1.13.jar /Users/rishabhbisht/.jenkins/plugins/maven-plugin/WEB-INF/lib/maven3-interceptor-commons-1.13.jar 50825"/>
    <property name="java.class.path" value="/Users/rishabhbisht/.jenkins/plugins/maven-plugin/WEB-INF/lib/maven35-agent-1.13.jar:/Users/rishabhbisht/Desktop/Automation/apache-maven-3.8.6/boot/plexus-classworlds-2.6.0.jar:/Users/rishabhbisht/Desktop/Automation/apache-maven-3.8.6/conf/logging"/>
    <property name="native.encoding" value="UTF-8"/>
    <property name="jdk.debug" value="release"/>
    <property name="java.vm.specification.name" value="Java Virtual Machine Specification"/>
    <property name="jansi.mode" value="strip"/>
    <property name="PATH+JDK" value="/Library/Java/JavaVirtualMachines/jdk-17.0.1.jdk/Contents/Home/bin"/>
    <property name="java.vm.specification.version" value="17"/>
    <property name="M2_HOME" value="/Users/rishabhbisht/Desktop/Automation/apache-maven-3.8.6/"/>
    <property name="sun.cpu.endian" value="little"/>
    <property name="CI" value="true"/>
    <property name="java.io.tmpdir" value="/var/folders/yh/4wb18p_94r3_ny7lzw2mr58w0000gn/T/"/>
    <property name="HUDSON_HOME" value="/Users/rishabhbisht/.jenkins"/>
    <property name="PATH+MAVEN" value="/Users/rishabhbisht/Desktop/Automation/apache-maven-3.8.6//bin"/>
    <property name="java.vendor.url.bug" value="https://bugreport.java.com/bugreport/"/>
    <property name="BUILD_URL" value="http://localhost:8080/job/nopCommerce_Cucumber/1/"/>
    <property name="SSH_AUTH_SOCK" value="/private/tmp/com.apple.launchd.zUQvX6hPEJ/Listeners"/>
    <property name="os.arch" value="aarch64"/>
    <property name="__CF_USER_TEXT_ENCODING" value="0x1F5:0x0:0x0"/>
    <property name="user.dir" value="/Users/rishabhbisht/Desktop/Automation/nopCommerce_Cucumber"/>
    <property name="JOB_URL" value="http://localhost:8080/job/nopCommerce_Cucumber/"/>
    <property name="MAVEN_HOME" value="/Users/rishabhbisht/Desktop/Automation/apache-maven-3.8.6/"/>
    <property name="line.separator" value="
"/>
    <property name="java.vm.name" value="Java HotSpot(TM) 64-Bit Server VM"/>
    <property name="BUILD_NUMBER" value="1"/>
    <property name="JENKINS_URL" value="http://localhost:8080/"/>
    <property name="file.encoding" value="UTF-8"/>
    <property name="maven3.interceptor" value="/Users/rishabhbisht/.jenkins/plugins/maven-plugin/WEB-INF/lib/maven35-interceptor-1.13.jar"/>
    <property name="WORKSPACE_TMP" value="/Users/rishabhbisht/.jenkins/workspace/nopCommerce_Cucumber@tmp"/>
    <property name="WORKSPACE" value="/Users/rishabhbisht/.jenkins/workspace/nopCommerce_Cucumber"/>
    <property name="maven3.interceptor.common" value="/Users/rishabhbisht/.jenkins/plugins/maven-plugin/WEB-INF/lib/maven3-interceptor-commons-1.13.jar"/>
    <property name="java.specification.version" value="17"/>
    <property name="USER" value="rishabhbisht"/>
  </properties>
  <testcase classname="Customers" name="Search Customer by EmailID" time="33.483">
    <failure message="expected:&lt;true&gt; but was:&lt;false&gt;" type="java.lang.AssertionError">java.lang.AssertionError: expected:&lt;true&gt; but was:&lt;false&gt;
	at org.junit.Assert.fail(Assert.java:89)
	at org.junit.Assert.failNotEquals(Assert.java:835)
	at org.junit.Assert.assertEquals(Assert.java:120)
	at org.junit.Assert.assertEquals(Assert.java:146)
	at stepDefinitions.steps.user_should_found_email_on_search_table(steps.java:172)
	at ✽.user should found email on search table(file:///Users/rishabhbisht/Desktop/Automation/nopCommerce_Cucumber/./Features/Customers.feature:27)
</failure>
    <system-out>[INFO] Please answer the following questionnaire based on your experience with WebDriverManager. Thanks a lot!
[INFO] ====&gt; http://tiny.cc/wdm-survey &lt;====
[DEBUG] Resolution chrome=96 in cache (valid until 22:13:17 03/09/2022 IST)
[INFO] Using chromedriver 96.0.4664.45 (since Chrome 96 is installed in your machine)
[DEBUG] Driver chromedriver 96.0.4664.45 found in cache
[INFO] Exporting webdriver.chrome.driver as /Users/rishabhbisht/.m2/repository/webdriver/chromedriver/mac64/96.0.4664.45/chromedriver
 INFO [main] (steps.java:35)- ******** Launching Browser *********
 INFO [main] (steps.java:42)- ******** Opening URL *********
 INFO [main] (steps.java:50)- ******** Providing login details *********
 INFO [main] (steps.java:57)- ******** Started Login *********
 INFO [main] (steps.java:89)- ******** Opening Dashboard View *********
 INFO [main] (steps.java:96)- ******** Click customer menu *********
 INFO [main] (steps.java:103)- ******** Click on customer list *********
 INFO [main] (steps.java:153)- ******** Enter customer email *********
 INFO [main] (steps.java:161)- ******** click search *********
 INFO [main] (steps.java:169)- ******** Seaching customer by email *********
</system-out>
    <system-err>Starting ChromeDriver 96.0.4664.45 (76e4c1bb2ab4671b8beba3444e61c0f17584b2fc-refs/branch-heads/4664@{#947}) on port 9696
Only local connections are allowed.
Please see https://chromedriver.chromium.org/security-considerations for suggestions on keeping ChromeDriver safe.
ChromeDriver was started successfully.
Sep 03, 2022 1:08:53 PM org.openqa.selenium.remote.ProtocolHandshake createSession
INFO: Detected dialect: W3C
</system-err>
  </testcase>
  <testcase classname="Customers" name="Search Customer by Name" time="23.248">
    <failure message="expected:&lt;true&gt; but was:&lt;false&gt;" type="java.lang.AssertionError">java.lang.AssertionError: expected:&lt;true&gt; but was:&lt;false&gt;
	at org.junit.Assert.fail(Assert.java:89)
	at org.junit.Assert.failNotEquals(Assert.java:835)
	at org.junit.Assert.assertEquals(Assert.java:120)
	at org.junit.Assert.assertEquals(Assert.java:146)
	at stepDefinitions.steps.user_should_found_name_on_search_table(steps.java:193)
	at ✽.user should found Name on search table(file:///Users/rishabhbisht/Desktop/Automation/nopCommerce_Cucumber/./Features/Customers.feature:37)
</failure>
    <system-out>[INFO] Please answer the following questionnaire based on your experience with WebDriverManager. Thanks a lot!
[INFO] ====&gt; http://tiny.cc/wdm-survey &lt;====
[DEBUG] Resolution chrome=96 in cache (valid until 22:13:17 03/09/2022 IST)
[INFO] Using chromedriver 96.0.4664.45 (since Chrome 96 is installed in your machine)
[DEBUG] Driver chromedriver 96.0.4664.45 found in cache
[INFO] Exporting webdriver.chrome.driver as /Users/rishabhbisht/.m2/repository/webdriver/chromedriver/mac64/96.0.4664.45/chromedriver
 INFO [main] (steps.java:35)- ******** Launching Browser *********
 INFO [main] (steps.java:42)- ******** Opening URL *********
 INFO [main] (steps.java:50)- ******** Providing login details *********
 INFO [main] (steps.java:57)- ******** Started Login *********
 INFO [main] (steps.java:89)- ******** Opening Dashboard View *********
 INFO [main] (steps.java:96)- ******** Click customer menu *********
 INFO [main] (steps.java:103)- ******** Click on customer list *********
 INFO [main] (steps.java:178)- ******** Enter customer firstname *********
 INFO [main] (steps.java:185)- ******** Enter customer lastname *********
 INFO [main] (steps.java:161)- ******** click search *********
 INFO [main] (steps.java:191)- ******** Seaching customer by name *********
</system-out>
    <system-err>Starting ChromeDriver 96.0.4664.45 (76e4c1bb2ab4671b8beba3444e61c0f17584b2fc-refs/branch-heads/4664@{#947}) on port 8795
Only local connections are allowed.
Please see https://chromedriver.chromium.org/security-considerations for suggestions on keeping ChromeDriver safe.
ChromeDriver was started successfully.
Sep 03, 2022 1:09:19 PM org.openqa.selenium.remote.ProtocolHandshake createSession
INFO: Detected dialect: W3C
</system-err>
  </testcase>
  <testcase classname="Login" name="Successful login with Valid Credentials #2" time="15.486"/>
  <testcase classname="Login" name="Successful login with Valid Credentials #3" time="5.658">
    <failure type="java.lang.AssertionError">java.lang.AssertionError
	at org.junit.Assert.fail(Assert.java:87)
	at org.junit.Assert.assertTrue(Assert.java:42)
	at org.junit.Assert.assertTrue(Assert.java:53)
	at stepDefinitions.steps.page_title_should_be(steps.java:66)
	at ✽.Page title should be &quot;Dashboard / nopCommerce administration&quot;(file:///Users/rishabhbisht/Desktop/Automation/nopCommerce_Cucumber/./Features/Login.feature:20)
</failure>
    <system-out>[INFO] Please answer the following questionnaire based on your experience with WebDriverManager. Thanks a lot!
[INFO] ====&gt; http://tiny.cc/wdm-survey &lt;====
[DEBUG] Resolution chrome=96 in cache (valid until 22:13:17 03/09/2022 IST)
[INFO] Using chromedriver 96.0.4664.45 (since Chrome 96 is installed in your machine)
[DEBUG] Driver chromedriver 96.0.4664.45 found in cache
[INFO] Exporting webdriver.chrome.driver as /Users/rishabhbisht/.m2/repository/webdriver/chromedriver/mac64/96.0.4664.45/chromedriver
 INFO [main] (steps.java:35)- ******** Launching Browser *********
 INFO [main] (steps.java:42)- ******** Opening URL *********
 INFO [main] (steps.java:50)- ******** Providing login details *********
 INFO [main] (steps.java:57)- ******** Started Login *********
 INFO [main] (steps.java:64)- ******** Login Passed *********
</system-out>
    <system-err>Starting ChromeDriver 96.0.4664.45 (76e4c1bb2ab4671b8beba3444e61c0f17584b2fc-refs/branch-heads/4664@{#947}) on port 12323
Only local connections are allowed.
Please see https://chromedriver.chromium.org/security-considerations for suggestions on keeping ChromeDriver safe.
ChromeDriver was started successfully.
Sep 03, 2022 1:09:55 PM org.openqa.selenium.remote.ProtocolHandshake createSession
INFO: Detected dialect: W3C
</system-err>
  </testcase>
</testsuite>