<?xml version="1.0" encoding="UTF-8" ?>
<testsuite tests="4" failures="3" name="TestRunner.TestRun" time="77.875" errors="0" skipped="0">
  <properties>
[...]
</properties>
  <testcase classname="Customers" name="Search Customer by EmailID" time="33.483">
    <failure message="expected:&lt;true&gt; but was:&lt;false&gt;" type="java.lang.AssertionError">java.lang.AssertionError: expected:&lt;true&gt; but was:&lt;false&gt;
	at org.junit.Assert.fail(Assert.java:89)
	at org.junit.Assert.failNotEquals(Assert.java:835)
	at org.junit.Assert.assertEquals(Assert.java:120)
	at org.junit.Assert.assertEquals(Assert.java:146)
	at stepDefinitions.steps.user_should_found_email_on_search_table(steps.java:172)
	at ✽.user should found email on search table(file:///Users/rishabhbisht/Desktop/Automation/nopCommerce_Cucumber/./Features/Customers.feature:27)
</failure>
    <system-out>[INFO] Please answer the following questionnaire based on your experience with WebDriverManager. Thanks a lot!
[INFO] ====&gt; http://tiny.cc/wdm-survey &lt;====
[DEBUG] Resolution chrome=96 in cache (valid until 22:13:17 03/09/2022 IST)
[INFO] Using chromedriver 96.0.4664.45 (since Chrome 96 is installed in your machine)
[DEBUG] Driver chromedriver 96.0.4664.45 found in cache
[INFO] Exporting webdriver.chrome.driver as /Users/rishabhbisht/.m2/repository/webdriver/chromedriver/mac64/96.0.4664.45/chromedriver
 INFO [main] (steps.java:35)- ******** Launching Browser *********
 INFO [main] (steps.java:42)- ******** Opening URL *********
 INFO [main] (steps.java:50)- ******** Providing login details *********
 INFO [main] (steps.java:57)- ******** Started Login *********
 INFO [main] (steps.java:89)- ******** Opening Dashboard View *********
 INFO [main] (steps.java:96)- ******** Click customer menu *********
 INFO [main] (steps.java:103)- ******** Click on customer list *********
 INFO [main] (steps.java:153)- ******** Enter customer email *********
 INFO [main] (steps.java:161)- ******** click search *********
 INFO [main] (steps.java:169)- ******** Seaching customer by email *********
</system-out>
    <system-err>Starting ChromeDriver 96.0.4664.45 (76e4c1bb2ab4671b8beba3444e61c0f17584b2fc-refs/branch-heads/4664@{#947}) on port 9696
Only local connections are allowed.
Please see https://chromedriver.chromium.org/security-considerations for suggestions on keeping ChromeDriver safe.
ChromeDriver was started successfully.
Sep 03, 2022 1:08:53 PM org.openqa.selenium.remote.ProtocolHandshake createSession
INFO: Detected dialect: W3C
</system-err>
  </testcase>
  <testcase classname="Customers" name="Search Customer by Name" time="23.248">
    <failure message="expected:&lt;true&gt; but was:&lt;false&gt;" type="java.lang.AssertionError">java.lang.AssertionError: expected:&lt;true&gt; but was:&lt;false&gt;
	at org.junit.Assert.fail(Assert.java:89)
	at org.junit.Assert.failNotEquals(Assert.java:835)
	at org.junit.Assert.assertEquals(Assert.java:120)
	at org.junit.Assert.assertEquals(Assert.java:146)
	at stepDefinitions.steps.user_should_found_name_on_search_table(steps.java:193)
	at ✽.user should found Name on search table(file:///Users/rishabhbisht/Desktop/Automation/nopCommerce_Cucumber/./Features/Customers.feature:37)
</failure>
    <system-out>[INFO] Please answer the following questionnaire based on your experience with WebDriverManager. Thanks a lot!
[INFO] ====&gt; http://tiny.cc/wdm-survey &lt;====
[DEBUG] Resolution chrome=96 in cache (valid until 22:13:17 03/09/2022 IST)
[INFO] Using chromedriver 96.0.4664.45 (since Chrome 96 is installed in your machine)
[DEBUG] Driver chromedriver 96.0.4664.45 found in cache
[INFO] Exporting webdriver.chrome.driver as /Users/rishabhbisht/.m2/repository/webdriver/chromedriver/mac64/96.0.4664.45/chromedriver
 INFO [main] (steps.java:35)- ******** Launching Browser *********
 INFO [main] (steps.java:42)- ******** Opening URL *********
 INFO [main] (steps.java:50)- ******** Providing login details *********
 INFO [main] (steps.java:57)- ******** Started Login *********
 INFO [main] (steps.java:89)- ******** Opening Dashboard View *********
 INFO [main] (steps.java:96)- ******** Click customer menu *********
 INFO [main] (steps.java:103)- ******** Click on customer list *********
 INFO [main] (steps.java:178)- ******** Enter customer firstname *********
 INFO [main] (steps.java:185)- ******** Enter customer lastname *********
 INFO [main] (steps.java:161)- ******** click search *********
 INFO [main] (steps.java:191)- ******** Seaching customer by name *********
</system-out>
    <system-err>Starting ChromeDriver 96.0.4664.45 (76e4c1bb2ab4671b8beba3444e61c0f17584b2fc-refs/branch-heads/4664@{#947}) on port 8795
Only local connections are allowed.
Please see https://chromedriver.chromium.org/security-considerations for suggestions on keeping ChromeDriver safe.
ChromeDriver was started successfully.
Sep 03, 2022 1:09:19 PM org.openqa.selenium.remote.ProtocolHandshake createSession
INFO: Detected dialect: W3C
</system-err>
  </testcase>
  <testcase classname="Login" name="Successful login with Valid Credentials #2" time="15.486"/>
  <testcase classname="Login" name="Successful login with Valid Credentials #3" time="5.658">
    <failure type="java.lang.AssertionError">java.lang.AssertionError
	at org.junit.Assert.fail(Assert.java:87)
	at org.junit.Assert.assertTrue(Assert.java:42)
	at org.junit.Assert.assertTrue(Assert.java:53)
	at stepDefinitions.steps.page_title_should_be(steps.java:66)
	at ✽.Page title should be &quot;Dashboard / nopCommerce administration&quot;(file:///Users/rishabhbisht/Desktop/Automation/nopCommerce_Cucumber/./Features/Login.feature:20)
</failure>
    <system-out>[INFO] Please answer the following questionnaire based on your experience with WebDriverManager. Thanks a lot!
[INFO] ====&gt; http://tiny.cc/wdm-survey &lt;====
[DEBUG] Resolution chrome=96 in cache (valid until 22:13:17 03/09/2022 IST)
[INFO] Using chromedriver 96.0.4664.45 (since Chrome 96 is installed in your machine)
[DEBUG] Driver chromedriver 96.0.4664.45 found in cache
[INFO] Exporting webdriver.chrome.driver as /Users/rishabhbisht/.m2/repository/webdriver/chromedriver/mac64/96.0.4664.45/chromedriver
 INFO [main] (steps.java:35)- ******** Launching Browser *********
 INFO [main] (steps.java:42)- ******** Opening URL *********
 INFO [main] (steps.java:50)- ******** Providing login details *********
 INFO [main] (steps.java:57)- ******** Started Login *********
 INFO [main] (steps.java:64)- ******** Login Passed *********
</system-out>
    <system-err>Starting ChromeDriver 96.0.4664.45 (76e4c1bb2ab4671b8beba3444e61c0f17584b2fc-refs/branch-heads/4664@{#947}) on port 12323
Only local connections are allowed.
Please see https://chromedriver.chromium.org/security-considerations for suggestions on keeping ChromeDriver safe.
ChromeDriver was started successfully.
Sep 03, 2022 1:09:55 PM org.openqa.selenium.remote.ProtocolHandshake createSession
INFO: Detected dialect: W3C
</system-err>
  </testcase>
</testsuite>